Mon Mar 19 2018 20:45:28 GMT+0800 (台北標準時間):GET /about
Mon Mar 19 2018 20:54:10 GMT+0800 (台北標準時間):GET /help.html
Mon Mar 19 2018 20:55:58 GMT+0800 (台北標準時間):GET /
Mon Mar 19 2018 20:56:03 GMT+0800 (台北標準時間):GET /help.html
Sat Mar 24 2018 10:37:04 GMT+0800 (台北標準時間):GET /
Sat Mar 24 2018 10:37:05 GMT+0800 (台北標準時間):GET /favicon.ico
Sat Mar 24 2018 11:55:31 GMT+0800 (台北標準時間):GET /
Sat Mar 24 2018 11:55:32 GMT+0800 (台北標準時間):GET /
Sat Mar 24 2018 11:57:01 GMT+0800 (台北標準時間):GET /
Sat Mar 24 2018 11:57:01 GMT+0800 (台北標準時間):GET /favicon.ico
Sat Mar 24 2018 11:58:06 GMT+0800 (台北標準時間):GET /
Sat Mar 24 2018 11:58:06 GMT+0800 (台北標準時間):GET /favicon.ico
Sat Mar 24 2018 11:59:07 GMT+0800 (台北標準時間):GET /
Sat Mar 24 2018 11:59:07 GMT+0800 (台北標準時間):GET /favicon.ico
Sat Mar 24 2018 12:04:50 GMT+0800 (台北標準時間):GET /
Sat Mar 24 2018 12:04:50 GMT+0800 (台北標準時間):GET /favicon.ico
Sat Mar 24 2018 12:05:20 GMT+0800 (台北標準時間):GET /
Sat Mar 24 2018 12:05:20 GMT+0800 (台北標準時間):GET /favicon.ico
Sat Mar 24 2018 13:58:47 GMT+0800 (台北標準時間):GET /
Sat Mar 24 2018 13:58:47 GMT+0800 (台北標準時間):GET /favicon.ico
Sat Mar 24 2018 14:00:19 GMT+0800 (台北標準時間):GET /
Sat Mar 24 2018 14:00:19 GMT+0800 (台北標準時間):GET /favicon.ico
Sat Mar 24 2018 14:07:06 GMT+0800 (台北標準時間):GET /
Sat Mar 24 2018 14:07:08 GMT+0800 (台北標準時間):GET /about
Sat Mar 24 2018 14:07:09 GMT+0800 (台北標準時間):GET /projects
Sat Mar 24 2018 14:08:13 GMT+0800 (台北標準時間):GET /projects
Sat Mar 24 2018 14:08:20 GMT+0800 (台北標準時間):GET /maintain
